TN:
SF:src\index.js
FN:17,(anonymous_0)
FN:34,(anonymous_1)
FNF:2
FNH:0
FNDA:0,(anonymous_0)
FNDA:0,(anonymous_1)
DA:1,1
DA:2,1
DA:3,1
DA:4,1
DA:5,1
DA:6,1
DA:8,1
DA:9,1
DA:11,1
DA:12,1
DA:13,1
DA:15,1
DA:16,0
DA:17,0
DA:18,0
DA:20,1
DA:25,1
DA:26,1
DA:27,1
DA:28,1
DA:29,1
DA:30,1
DA:31,1
DA:32,1
DA:34,1
DA:35,0
LF:26
LH:22
BRDA:15,0,0,0
BRDA:15,0,1,1
BRDA:16,1,0,0
BRDA:16,1,1,0
BRF:4
BRH:1
end_of_record
TN:
SF:src\config\db.js
FN:3,(anonymous_0)
FNF:1
FNH:0
FNDA:0,(anonymous_0)
DA:1,1
DA:3,1
DA:4,0
DA:5,0
DA:6,0
DA:8,0
DA:9,0
DA:13,1
LF:8
LH:3
BRF:0
BRH:0
end_of_record
TN:
SF:src\controllers\authController.js
FN:6,(anonymous_0)
FN:36,(anonymous_1)
FNF:2
FNH:2
FNDA:1,(anonymous_0)
FNDA:2,(anonymous_1)
DA:1,1
DA:2,1
DA:3,1
DA:6,1
DA:7,1
DA:8,1
DA:10,1
DA:11,1
DA:12,0
DA:16,1
DA:24,1
DA:26,0
DA:36,1
DA:37,2
DA:38,2
DA:39,2
DA:40,2
DA:41,1
DA:43,1
DA:44,1
DA:47,0
LF:21
LH:18
BRDA:11,0,0,0
BRDA:11,0,1,1
BRDA:20,1,0,1
BRDA:20,1,1,0
BRDA:21,2,0,1
BRDA:21,2,1,1
BRDA:40,3,0,1
BRDA:40,3,1,1
BRDA:40,4,0,2
BRDA:40,4,1,2
BRF:10
BRH:8
end_of_record
TN:
SF:src\controllers\budgetController.js
FN:5,(anonymous_0)
FN:23,(anonymous_1)
FN:35,(anonymous_2)
FN:46,(anonymous_3)
FN:59,(anonymous_4)
FNF:5
FNH:1
FNDA:1,(anonymous_0)
FNDA:0,(anonymous_1)
FNDA:0,(anonymous_2)
FNDA:0,(anonymous_3)
FNDA:0,(anonymous_4)
DA:1,2
DA:2,2
DA:5,2
DA:6,1
DA:7,1
DA:10,1
DA:17,1
DA:19,0
DA:23,2
DA:24,0
DA:25,0
DA:26,0
DA:28,0
DA:35,2
DA:36,0
DA:37,0
DA:38,0
DA:39,0
DA:41,0
DA:43,0
DA:46,2
DA:47,0
DA:48,0
DA:49,0
DA:50,0
DA:52,0
DA:53,0
DA:55,0
DA:59,2
DA:60,0
DA:61,0
DA:62,0
DA:63,0
DA:64,0
DA:65,0
DA:68,0
LF:36
LH:11
BRDA:38,0,0,0
BRDA:38,0,1,0
BRDA:38,1,0,0
BRDA:38,1,1,0
BRDA:49,2,0,0
BRDA:49,2,1,0
BRDA:49,3,0,0
BRDA:49,3,1,0
BRDA:62,4,0,0
BRDA:62,4,1,0
BRDA:62,5,0,0
BRDA:62,5,1,0
BRF:12
BRH:0
end_of_record
TN:
SF:src\controllers\currencyController.js
FN:3,(anonymous_0)
FNF:1
FNH:0
FNDA:0,(anonymous_0)
DA:1,1
DA:3,1
DA:4,0
DA:5,0
DA:7,0
DA:8,0
DA:11,0
DA:12,0
DA:14,0
LF:9
LH:2
BRDA:7,0,0,0
BRDA:7,0,1,0
BRDA:7,1,0,0
BRDA:7,1,1,0
BRDA:7,1,2,0
BRF:5
BRH:0
end_of_record
TN:
SF:src\controllers\dashboardController
FN:6,(anonymous_0)
FNF:1
FNH:0
FNDA:0,(anonymous_0)
DA:1,1
DA:2,1
DA:3,1
DA:4,1
DA:6,1
DA:7,0
DA:8,0
DA:10,0
DA:11,0
DA:14,0
DA:15,0
DA:16,0
DA:17,0
DA:21,0
DA:26,0
DA:35,0
DA:36,0
DA:40,0
DA:44,0
DA:45,0
DA:47,0
DA:58,0
LF:22
LH:5
BRDA:10,0,0,0
BRDA:10,0,1,0
BRDA:14,1,0,0
BRDA:14,1,1,0
BRDA:30,2,0,0
BRDA:30,2,1,0
BRDA:31,3,0,0
BRDA:31,3,1,0
BRDA:49,4,0,0
BRDA:49,4,1,0
BRDA:50,5,0,0
BRDA:50,5,1,0
BRF:12
BRH:0
end_of_record
TN:
SF:src\controllers\goalController.js
FN:4,(anonymous_0)
FN:22,(anonymous_1)
FN:31,(anonymous_2)
FN:35,(anonymous_3)
FN:47,(anonymous_4)
FN:51,(anonymous_5)
FN:72,(anonymous_6)
FNF:7
FNH:2
FNDA:2,(anonymous_0)
FNDA:0,(anonymous_1)
FNDA:0,(anonymous_2)
FNDA:0,(anonymous_3)
FNDA:1,(anonymous_4)
FNDA:0,(anonymous_5)
FNDA:0,(anonymous_6)
DA:1,3
DA:2,3
DA:4,3
DA:5,2
DA:6,2
DA:8,2
DA:16,1
DA:18,1
DA:22,3
DA:23,0
DA:24,0
DA:25,0
DA:27,0
DA:31,3
DA:32,0
DA:33,0
DA:35,0
DA:41,0
DA:43,0
DA:47,3
DA:48,1
DA:49,1
DA:51,1
DA:52,0
DA:54,0
DA:55,0
DA:57,0
DA:58,0
DA:61,0
DA:63,1
DA:72,3
DA:73,0
DA:74,0
DA:75,0
DA:76,0
DA:78,0
DA:79,0
DA:81,0
LF:38
LH:16
BRDA:54,0,0,0
BRDA:54,0,1,0
BRDA:75,1,0,0
BRDA:75,1,1,0
BRDA:75,2,0,0
BRDA:75,2,1,0
BRF:6
BRH:0
end_of_record
TN:
SF:src\controllers\notificationController.js
FN:5,(anonymous_0)
FN:20,(anonymous_1)
FN:21,(anonymous_2)
FN:59,(anonymous_3)
FN:89,(anonymous_4)
FNF:5
FNH:4
FNDA:2,(anonymous_0)
FNDA:2,(anonymous_1)
FNDA:2,(anonymous_2)
FNDA:1,(anonymous_3)
FNDA:0,(anonymous_4)
DA:1,2
DA:2,2
DA:3,2
DA:5,2
DA:6,2
DA:7,2
DA:8,2
DA:10,2
DA:11,2
DA:12,2
DA:14,2
DA:15,0
DA:18,2
DA:19,2
DA:20,2
DA:21,2
DA:23,2
DA:24,0
DA:25,0
DA:26,2
DA:27,1
DA:41,2
DA:42,0
DA:52,2
DA:54,0
DA:55,0
DA:59,2
DA:60,1
DA:61,1
DA:62,1
DA:64,1
DA:65,0
DA:68,1
DA:69,1
DA:71,1
DA:72,1
DA:82,1
DA:84,0
DA:85,0
DA:89,2
DA:90,0
DA:91,0
DA:92,0
DA:98,0
DA:100,0
DA:101,0
LF:46
LH:31
BRDA:14,0,0,0
BRDA:14,0,1,2
BRDA:14,1,0,2
BRDA:14,1,1,2
BRDA:20,2,0,2
BRDA:20,2,1,2
BRDA:23,3,0,0
BRDA:23,3,1,2
BRDA:26,4,0,1
BRDA:26,4,1,1
BRDA:31,5,0,0
BRDA:31,5,1,1
BRDA:41,6,0,0
BRDA:41,6,1,2
BRDA:41,7,0,2
BRDA:41,7,1,0
BRDA:46,8,0,0
BRDA:46,8,1,0
BRDA:52,9,0,1
BRDA:52,9,1,1
BRDA:64,10,0,0
BRDA:64,10,1,1
BRDA:64,11,0,1
BRDA:64,11,1,1
BRDA:71,12,0,1
BRDA:71,12,1,0
BRDA:75,13,0,0
BRDA:75,13,1,1
BRDA:82,14,0,1
BRDA:82,14,1,0
BRDA:98,15,0,0
BRDA:98,15,1,0
BRF:32
BRH:19
end_of_record
TN:
SF:src\controllers\reportController.js
FN:4,(anonymous_0)
FN:20,(anonymous_1)
FN:29,(anonymous_2)
FNF:3
FNH:1
FNDA:0,(anonymous_0)
FNDA:0,(anonymous_1)
FNDA:2,(anonymous_2)
DA:1,2
DA:2,2
DA:4,2
DA:5,0
DA:6,0
DA:8,0
DA:14,0
DA:15,0
DA:17,0
DA:19,0
DA:20,0
DA:21,0
DA:23,0
DA:25,0
DA:29,2
DA:30,2
DA:31,2
DA:33,2
DA:34,0
DA:37,2
DA:38,2
DA:40,2
DA:41,0
DA:44,2
DA:45,0
DA:48,2
DA:50,2
DA:52,2
DA:57,2
DA:62,2
DA:63,2
DA:65,2
DA:74,0
DA:75,0
LF:34
LH:18
BRDA:14,0,0,0
BRDA:14,0,1,0
BRDA:21,1,0,0
BRDA:21,1,1,0
BRDA:33,2,0,0
BRDA:33,2,1,2
BRDA:33,3,0,2
BRDA:33,3,1,2
BRDA:40,4,0,0
BRDA:40,4,1,2
BRDA:40,5,0,2
BRDA:40,5,1,2
BRDA:44,6,0,0
BRDA:44,6,1,2
BRDA:66,7,0,1
BRDA:66,7,1,1
BRDA:67,8,0,1
BRDA:67,8,1,1
BRF:18
BRH:11
end_of_record
TN:
SF:src\controllers\transactionController.js
FN:7,(anonymous_0)
FN:54,(anonymous_1)
FN:61,(anonymous_2)
FN:73,(anonymous_3)
FN:84,(anonymous_4)
FN:104,(anonymous_5)
FNF:6
FNH:1
FNDA:1,(anonymous_0)
FNDA:0,(anonymous_1)
FNDA:0,(anonymous_2)
FNDA:0,(anonymous_3)
FNDA:0,(anonymous_4)
FNDA:0,(anonymous_5)
DA:1,2
DA:2,2
DA:3,2
DA:4,2
DA:7,2
DA:8,1
DA:9,1
DA:11,1
DA:12,1
DA:13,0
DA:15,1
DA:17,1
DA:18,1
DA:20,1
DA:21,1
DA:24,1
DA:35,1
DA:36,1
DA:39,1
DA:41,0
DA:54,2
DA:55,0
DA:56,0
DA:57,0
DA:59,0
DA:61,0
DA:62,0
DA:63,0
DA:64,0
DA:66,0
DA:67,0
DA:69,0
DA:73,2
DA:74,0
DA:75,0
DA:76,0
DA:77,0
DA:78,0
DA:80,0
DA:84,2
DA:85,0
DA:86,0
DA:87,0
DA:88,0
DA:90,0
DA:104,2
DA:105,0
DA:106,0
DA:107,0
DA:108,0
DA:109,0
DA:110,0
DA:112,0
LF:53
LH:22
BRDA:12,0,0,0
BRDA:12,0,1,1
BRDA:15,1,0,1
BRDA:15,1,1,0
BRDA:20,2,0,1
BRDA:20,2,1,0
BRDA:20,3,0,1
BRDA:20,3,1,1
BRDA:35,4,0,1
BRDA:35,4,1,0
BRDA:62,5,0,0
BRDA:62,5,1,0
BRDA:76,6,0,0
BRDA:76,6,1,0
BRDA:76,7,0,0
BRDA:76,7,1,0
BRDA:107,8,0,0
BRDA:107,8,1,0
BRDA:107,9,0,0
BRDA:107,9,1,0
BRF:20
BRH:6
end_of_record
TN:
SF:src\middleware\authMiddleware.js
FN:3,(anonymous_0)
FNF:1
FNH:0
FNDA:0,(anonymous_0)
DA:1,1
DA:3,1
DA:4,0
DA:5,0
DA:7,0
DA:8,0
DA:9,0
DA:10,0
DA:12,0
LF:9
LH:2
BRDA:5,0,0,0
BRDA:5,0,1,0
BRF:2
BRH:0
end_of_record
TN:
SF:src\models\Budget.js
FNF:0
FNH:0
DA:1,3
DA:3,3
DA:11,3
LF:3
LH:3
BRF:0
BRH:0
end_of_record
TN:
SF:src\models\Goal.js
FNF:0
FNH:0
DA:1,4
DA:3,4
DA:12,4
LF:3
LH:3
BRF:0
BRH:0
end_of_record
TN:
SF:src\models\Transaction.js
FNF:0
FNH:0
DA:1,6
DA:3,6
DA:14,6
LF:3
LH:3
BRF:0
BRH:0
end_of_record
TN:
SF:src\models\User.js
FN:12,(anonymous_0)
FNF:1
FNH:0
FNDA:0,(anonymous_0)
DA:1,2
DA:2,2
DA:4,2
DA:12,2
DA:13,0
DA:14,0
DA:15,0
DA:18,2
LF:8
LH:5
BRDA:13,0,0,0
BRDA:13,0,1,0
BRF:2
BRH:0
end_of_record
TN:
SF:src\routes\authRoutes.js
FNF:0
FNH:0
DA:1,1
DA:2,1
DA:3,1
DA:5,1
DA:6,1
DA:8,1
LF:6
LH:6
BRF:0
BRH:0
end_of_record
TN:
SF:src\routes\budgetRoutes.js
FNF:0
FNH:0
DA:1,1
DA:2,1
DA:10,1
DA:12,1
DA:14,1
DA:15,1
DA:16,1
DA:17,1
DA:18,1
DA:20,1
LF:10
LH:10
BRF:0
BRH:0
end_of_record
TN:
SF:src\routes\currencyRoutes.js
FNF:0
FNH:0
DA:1,1
DA:2,1
DA:3,1
DA:5,1
DA:7,1
DA:9,1
LF:6
LH:6
BRF:0
BRH:0
end_of_record
TN:
SF:src\routes\dashboardRoutes.js
FNF:0
FNH:0
DA:1,1
DA:2,1
DA:3,1
DA:5,1
DA:7,1
DA:9,1
LF:6
LH:6
BRF:0
BRH:0
end_of_record
TN:
SF:src\routes\goalRoutes.js
FNF:0
FNH:0
DA:1,1
DA:2,1
DA:9,1
DA:11,1
DA:13,1
DA:14,1
DA:15,1
DA:16,1
DA:18,1
LF:9
LH:9
BRF:0
BRH:0
end_of_record
TN:
SF:src\routes\notificationRoutes.js
FNF:0
FNH:0
DA:1,1
DA:2,1
DA:3,1
DA:5,1
DA:7,1
DA:8,1
DA:9,1
DA:11,1
LF:8
LH:8
BRF:0
BRH:0
end_of_record
TN:
SF:src\routes\reportRoutes.js
FNF:0
FNH:0
DA:1,1
DA:2,1
DA:5,1
DA:7,1
DA:9,1
DA:10,1
DA:12,1
LF:7
LH:7
BRF:0
BRH:0
end_of_record
TN:
SF:src\routes\transactionRouts.js
FNF:0
FNH:0
DA:1,1
DA:2,1
DA:9,1
DA:11,1
DA:13,1
DA:14,1
DA:15,1
DA:16,1
DA:17,1
DA:19,1
LF:10
LH:10
BRF:0
BRH:0
end_of_record
TN:
SF:src\utils\currencyConverter.js
FN:3,(anonymous_0)
FNF:1
FNH:1
FNDA:1,(anonymous_0)
DA:1,2
DA:3,2
DA:4,1
DA:7,1
DA:8,0
DA:9,0
DA:14,1
DA:15,1
DA:17,0
DA:18,0
LF:10
LH:6
BRDA:7,0,0,0
BRDA:7,0,1,1
BRDA:7,1,0,1
BRDA:7,1,1,1
BRF:4
BRH:3
end_of_record
