{"B:\\AF-Project\\project-ShanilkaDharmapriya\\src\\index.js": {"path":"B:\\AF-Project\\project-ShanilkaDharmapriya\\src\\index.js","statementMap":{"0":{"start":{"line":1,"column":16},"end":{"line":1,"column":34}},"1":{"start":{"line":2,"column":15},"end":{"line":2,"column":32}},"2":{"start":{"line":3,"column":18},"end":{"line":3,"column":40}},"3":{"start":{"line":4,"column":15},"end":{"line":4,"column":32}},"4":{"start":{"line":5,"column":19},"end":{"line":5,"column":49}},"5":{"start":{"line":6,"column":26},"end":{"line":6,"column":62}},"6":{"start":{"line":8,"column":0},"end":{"line":8,"column":16}},"7":{"start":{"line":9,"column":0},"end":{"line":9,"column":12}},"8":{"start":{"line":11,"column":12},"end":{"line":11,"column":21}},"9":{"start":{"line":12,"column":0},"end":{"line":12,"column":24}},"10":{"start":{"line":13,"column":0},"end":{"line":13,"column":23}},"11":{"start":{"line":15,"column":0},"end":{"line":21,"column":1}},"12":{"start":{"line":16,"column":17},"end":{"line":16,"column":41}},"13":{"start":{"line":17,"column":19},"end":{"line":17,"column":88}},"14":{"start":{"line":17,"column":42},"end":{"line":17,"column":87}},"15":{"start":{"line":18,"column":4},"end":{"line":18,"column":37}},"16":{"start":{"line":20,"column":4},"end":{"line":20,"column":29}},"17":{"start":{"line":25,"column":0},"end":{"line":25,"column":34}},"18":{"start":{"line":26,"column":0},"end":{"line":26,"column":47}},"19":{"start":{"line":27,"column":0},"end":{"line":27,"column":58}},"20":{"start":{"line":28,"column":0},"end":{"line":28,"column":58}},"21":{"start":{"line":29,"column":0},"end":{"line":29,"column":54}},"22":{"start":{"line":30,"column":0},"end":{"line":30,"column":70}},"23":{"start":{"line":31,"column":0},"end":{"line":31,"column":62}},"24":{"start":{"line":32,"column":0},"end":{"line":32,"column":63}},"25":{"start":{"line":34,"column":0},"end":{"line":36,"column":3}},"26":{"start":{"line":35,"column":4},"end":{"line":35,"column":34}}},"fnMap":{"0":{"name":"(anonymous_0)","decl":{"start":{"line":17,"column":36},"end":{"line":17,"column":37}},"loc":{"start":{"line":17,"column":42},"end":{"line":17,"column":87}},"line":17},"1":{"name":"(anonymous_1)","decl":{"start":{"line":34,"column":13},"end":{"line":34,"column":14}},"loc":{"start":{"line":34,"column":27},"end":{"line":36,"column":1}},"line":34}},"branchMap":{"0":{"loc":{"start":{"line":15,"column":0},"end":{"line":21,"column":1}},"type":"if","locations":[{"start":{"line":15,"column":0},"end":{"line":21,"column":1}},{"start":{"line":19,"column":7},"end":{"line":21,"column":1}}],"line":15},"1":{"loc":{"start":{"line":16,"column":17},"end":{"line":16,"column":41}},"type":"binary-expr","locations":[{"start":{"line":16,"column":17},"end":{"line":16,"column":33}},{"start":{"line":16,"column":37},"end":{"line":16,"column":41}}],"line":16}},"s":{"0":1,"1":1,"2":1,"3":1,"4":1,"5":1,"6":1,"7":1,"8":1,"9":1,"10":1,"11":1,"12":0,"13":0,"14":0,"15":0,"16":1,"17":1,"18":1,"19":1,"20":1,"21":1,"22":1,"23":1,"24":1,"25":1,"26":0},"f":{"0":0,"1":0},"b":{"0":[0,1],"1":[0,0]},"_coverageSchema":"1a1c01bbd47fc00a2c39e90264f33305004495a9","hash":"5c5e051b19fbfcc726e608bdf2df4d3f097ca4a1"}
,"B:\\AF-Project\\project-ShanilkaDharmapriya\\src\\config\\db.js": {"path":"B:\\AF-Project\\project-ShanilkaDharmapriya\\src\\config\\db.js","statementMap":{"0":{"start":{"line":1,"column":17},"end":{"line":1,"column":36}},"1":{"start":{"line":3,"column":18},"end":{"line":11,"column":1}},"2":{"start":{"line":4,"column":4},"end":{"line":10,"column":5}},"3":{"start":{"line":5,"column":8},"end":{"line":5,"column":54}},"4":{"start":{"line":6,"column":8},"end":{"line":6,"column":45}},"5":{"start":{"line":8,"column":8},"end":{"line":8,"column":60}},"6":{"start":{"line":9,"column":8},"end":{"line":9,"column":24}},"7":{"start":{"line":13,"column":0},"end":{"line":13,"column":27}}},"fnMap":{"0":{"name":"(anonymous_0)","decl":{"start":{"line":3,"column":18},"end":{"line":3,"column":19}},"loc":{"start":{"line":3,"column":30},"end":{"line":11,"column":1}},"line":3}},"branchMap":{},"s":{"0":1,"1":1,"2":0,"3":0,"4":0,"5":0,"6":0,"7":1},"f":{"0":0},"b":{},"_coverageSchema":"1a1c01bbd47fc00a2c39e90264f33305004495a9","hash":"61d7865d6fb78a62ff605fec4c703b2f887df406"}
,"B:\\AF-Project\\project-ShanilkaDharmapriya\\src\\controllers\\authController.js": {"path":"B:\\AF-Project\\project-ShanilkaDharmapriya\\src\\controllers\\authController.js","statementMap":{"0":{"start":{"line":1,"column":11},"end":{"line":1,"column":36}},"1":{"start":{"line":2,"column":10},"end":{"line":2,"column":33}},"2":{"start":{"line":3,"column":15},"end":{"line":3,"column":34}},"3":{"start":{"line":6,"column":0},"end":{"line":28,"column":2}},"4":{"start":{"line":7,"column":4},"end":{"line":27,"column":5}},"5":{"start":{"line":8,"column":67},"end":{"line":8,"column":75}},"6":{"start":{"line":10,"column":27},"end":{"line":10,"column":56}},"7":{"start":{"line":11,"column":12},"end":{"line":13,"column":13}},"8":{"start":{"line":12,"column":17},"end":{"line":12,"column":80}},"9":{"start":{"line":16,"column":24},"end":{"line":22,"column":10}},"10":{"start":{"line":24,"column":8},"end":{"line":24,"column":74}},"11":{"start":{"line":26,"column":8},"end":{"line":26,"column":57}},"12":{"start":{"line":36,"column":0},"end":{"line":49,"column":2}},"13":{"start":{"line":37,"column":4},"end":{"line":48,"column":5}},"14":{"start":{"line":38,"column":30},"end":{"line":38,"column":38}},"15":{"start":{"line":39,"column":21},"end":{"line":39,"column":50}},"16":{"start":{"line":40,"column":8},"end":{"line":42,"column":9}},"17":{"start":{"line":41,"column":12},"end":{"line":41,"column":76}},"18":{"start":{"line":43,"column":22},"end":{"line":43,"column":110}},"19":{"start":{"line":44,"column":8},"end":{"line":44,"column":28}},"20":{"start":{"line":47,"column":8},"end":{"line":47,"column":55}}},"fnMap":{"0":{"name":"(anonymous_0)","decl":{"start":{"line":6,"column":19},"end":{"line":6,"column":20}},"loc":{"start":{"line":6,"column":39},"end":{"line":28,"column":1}},"line":6},"1":{"name":"(anonymous_1)","decl":{"start":{"line":36,"column":14},"end":{"line":36,"column":15}},"loc":{"start":{"line":36,"column":30},"end":{"line":49,"column":1}},"line":36}},"branchMap":{"0":{"loc":{"start":{"line":11,"column":12},"end":{"line":13,"column":13}},"type":"if","locations":[{"start":{"line":11,"column":12},"end":{"line":13,"column":13}},{"start":{},"end":{}}],"line":11},"1":{"loc":{"start":{"line":20,"column":31},"end":{"line":20,"column":56}},"type":"binary-expr","locations":[{"start":{"line":20,"column":31},"end":{"line":20,"column":48}},{"start":{"line":20,"column":51},"end":{"line":20,"column":56}}],"line":20},"2":{"loc":{"start":{"line":21,"column":18},"end":{"line":21,"column":32}},"type":"binary-expr","locations":[{"start":{"line":21,"column":18},"end":{"line":21,"column":22}},{"start":{"line":21,"column":26},"end":{"line":21,"column":32}}],"line":21},"3":{"loc":{"start":{"line":40,"column":8},"end":{"line":42,"column":9}},"type":"if","locations":[{"start":{"line":40,"column":8},"end":{"line":42,"column":9}},{"start":{},"end":{}}],"line":40},"4":{"loc":{"start":{"line":40,"column":12},"end":{"line":40,"column":69}},"type":"binary-expr","locations":[{"start":{"line":40,"column":12},"end":{"line":40,"column":17}},{"start":{"line":40,"column":21},"end":{"line":40,"column":69}}],"line":40}},"s":{"0":1,"1":1,"2":1,"3":1,"4":1,"5":1,"6":1,"7":1,"8":0,"9":1,"10":1,"11":0,"12":1,"13":2,"14":2,"15":2,"16":2,"17":1,"18":1,"19":1,"20":0},"f":{"0":1,"1":2},"b":{"0":[0,1],"1":[1,0],"2":[1,1],"3":[1,1],"4":[2,2]},"_coverageSchema":"1a1c01bbd47fc00a2c39e90264f33305004495a9","hash":"6091423a4ca779d0ddfed9bd0f5287d4c114009d"}
,"B:\\AF-Project\\project-ShanilkaDharmapriya\\src\\controllers\\budgetController.js": {"path":"B:\\AF-Project\\project-ShanilkaDharmapriya\\src\\controllers\\budgetController.js","statementMap":{"0":{"start":{"line":1,"column":13},"end":{"line":1,"column":40}},"1":{"start":{"line":2,"column":20},"end":{"line":2,"column":52}},"2":{"start":{"line":5,"column":0},"end":{"line":21,"column":1}},"3":{"start":{"line":6,"column":4},"end":{"line":20,"column":9}},"4":{"start":{"line":7,"column":49},"end":{"line":7,"column":57}},"5":{"start":{"line":10,"column":30},"end":{"line":16,"column":14}},"6":{"start":{"line":17,"column":16},"end":{"line":17,"column":47}},"7":{"start":{"line":19,"column":12},"end":{"line":19,"column":57}},"8":{"start":{"line":23,"column":0},"end":{"line":30,"column":1}},"9":{"start":{"line":24,"column":4},"end":{"line":29,"column":5}},"10":{"start":{"line":25,"column":21},"end":{"line":25,"column":58}},"11":{"start":{"line":26,"column":8},"end":{"line":26,"column":36}},"12":{"start":{"line":28,"column":8},"end":{"line":28,"column":53}},"13":{"start":{"line":35,"column":0},"end":{"line":45,"column":1}},"14":{"start":{"line":36,"column":4},"end":{"line":44,"column":5}},"15":{"start":{"line":37,"column":21},"end":{"line":37,"column":57}},"16":{"start":{"line":38,"column":8},"end":{"line":39,"column":62}},"17":{"start":{"line":39,"column":12},"end":{"line":39,"column":62}},"18":{"start":{"line":41,"column":8},"end":{"line":41,"column":24}},"19":{"start":{"line":43,"column":8},"end":{"line":43,"column":53}},"20":{"start":{"line":46,"column":0},"end":{"line":57,"column":2}},"21":{"start":{"line":47,"column":4},"end":{"line":56,"column":5}},"22":{"start":{"line":48,"column":23},"end":{"line":48,"column":59}},"23":{"start":{"line":49,"column":8},"end":{"line":50,"column":73}},"24":{"start":{"line":50,"column":12},"end":{"line":50,"column":73}},"25":{"start":{"line":52,"column":30},"end":{"line":52,"column":100}},"26":{"start":{"line":53,"column":8},"end":{"line":53,"column":32}},"27":{"start":{"line":55,"column":8},"end":{"line":55,"column":57}},"28":{"start":{"line":59,"column":0},"end":{"line":70,"column":1}},"29":{"start":{"line":60,"column":4},"end":{"line":69,"column":5}},"30":{"start":{"line":61,"column":21},"end":{"line":61,"column":57}},"31":{"start":{"line":62,"column":8},"end":{"line":63,"column":73}},"32":{"start":{"line":63,"column":12},"end":{"line":63,"column":73}},"33":{"start":{"line":64,"column":8},"end":{"line":64,"column":26}},"34":{"start":{"line":65,"column":8},"end":{"line":65,"column":44}},"35":{"start":{"line":68,"column":8},"end":{"line":68,"column":57}}},"fnMap":{"0":{"name":"(anonymous_0)","decl":{"start":{"line":5,"column":21},"end":{"line":5,"column":22}},"loc":{"start":{"line":5,"column":40},"end":{"line":21,"column":1}},"line":5},"1":{"name":"(anonymous_1)","decl":{"start":{"line":23,"column":19},"end":{"line":23,"column":20}},"loc":{"start":{"line":23,"column":38},"end":{"line":30,"column":1}},"line":23},"2":{"name":"(anonymous_2)","decl":{"start":{"line":35,"column":22},"end":{"line":35,"column":23}},"loc":{"start":{"line":35,"column":41},"end":{"line":45,"column":1}},"line":35},"3":{"name":"(anonymous_3)","decl":{"start":{"line":46,"column":23},"end":{"line":46,"column":24}},"loc":{"start":{"line":46,"column":43},"end":{"line":57,"column":1}},"line":46},"4":{"name":"(anonymous_4)","decl":{"start":{"line":59,"column":21},"end":{"line":59,"column":22}},"loc":{"start":{"line":59,"column":37},"end":{"line":70,"column":1}},"line":59}},"branchMap":{"0":{"loc":{"start":{"line":38,"column":8},"end":{"line":39,"column":62}},"type":"if","locations":[{"start":{"line":38,"column":8},"end":{"line":39,"column":62}},{"start":{},"end":{}}],"line":38},"1":{"loc":{"start":{"line":38,"column":11},"end":{"line":38,"column":59}},"type":"binary-expr","locations":[{"start":{"line":38,"column":11},"end":{"line":38,"column":18}},{"start":{"line":38,"column":21},"end":{"line":38,"column":59}}],"line":38},"2":{"loc":{"start":{"line":49,"column":8},"end":{"line":50,"column":73}},"type":"if","locations":[{"start":{"line":49,"column":8},"end":{"line":50,"column":73}},{"start":{},"end":{}}],"line":49},"3":{"loc":{"start":{"line":49,"column":12},"end":{"line":49,"column":61}},"type":"binary-expr","locations":[{"start":{"line":49,"column":12},"end":{"line":49,"column":19}},{"start":{"line":49,"column":23},"end":{"line":49,"column":61}}],"line":49},"4":{"loc":{"start":{"line":62,"column":8},"end":{"line":63,"column":73}},"type":"if","locations":[{"start":{"line":62,"column":8},"end":{"line":63,"column":73}},{"start":{},"end":{}}],"line":62},"5":{"loc":{"start":{"line":62,"column":12},"end":{"line":62,"column":61}},"type":"binary-expr","locations":[{"start":{"line":62,"column":12},"end":{"line":62,"column":19}},{"start":{"line":62,"column":23},"end":{"line":62,"column":61}}],"line":62}},"s":{"0":2,"1":2,"2":2,"3":1,"4":1,"5":1,"6":1,"7":0,"8":2,"9":0,"10":0,"11":0,"12":0,"13":2,"14":0,"15":0,"16":0,"17":0,"18":0,"19":0,"20":2,"21":0,"22":0,"23":0,"24":0,"25":0,"26":0,"27":0,"28":2,"29":0,"30":0,"31":0,"32":0,"33":0,"34":0,"35":0},"f":{"0":1,"1":0,"2":0,"3":0,"4":0},"b":{"0":[0,0],"1":[0,0],"2":[0,0],"3":[0,0],"4":[0,0],"5":[0,0]},"_coverageSchema":"1a1c01bbd47fc00a2c39e90264f33305004495a9","hash":"58228c2c09fc4bcc5fc8f5b92936dc906a4c715d"}
,"B:\\AF-Project\\project-ShanilkaDharmapriya\\src\\controllers\\currencyController.js": {"path":"B:\\AF-Project\\project-ShanilkaDharmapriya\\src\\controllers\\currencyController.js","statementMap":{"0":{"start":{"line":1,"column":28},"end":{"line":1,"column":65}},"1":{"start":{"line":3,"column":0},"end":{"line":16,"column":2}},"2":{"start":{"line":4,"column":4},"end":{"line":15,"column":5}},"3":{"start":{"line":5,"column":53},"end":{"line":5,"column":61}},"4":{"start":{"line":7,"column":8},"end":{"line":9,"column":9}},"5":{"start":{"line":8,"column":12},"end":{"line":8,"column":79}},"6":{"start":{"line":11,"column":32},"end":{"line":11,"column":87}},"7":{"start":{"line":12,"column":8},"end":{"line":12,"column":64}},"8":{"start":{"line":14,"column":8},"end":{"line":14,"column":57}}},"fnMap":{"0":{"name":"(anonymous_0)","decl":{"start":{"line":3,"column":26},"end":{"line":3,"column":27}},"loc":{"start":{"line":3,"column":46},"end":{"line":16,"column":1}},"line":3}},"branchMap":{"0":{"loc":{"start":{"line":7,"column":8},"end":{"line":9,"column":9}},"type":"if","locations":[{"start":{"line":7,"column":8},"end":{"line":9,"column":9}},{"start":{},"end":{}}],"line":7},"1":{"loc":{"start":{"line":7,"column":12},"end":{"line":7,"column":51}},"type":"binary-expr","locations":[{"start":{"line":7,"column":12},"end":{"line":7,"column":25}},{"start":{"line":7,"column":29},"end":{"line":7,"column":40}},{"start":{"line":7,"column":44},"end":{"line":7,"column":51}}],"line":7}},"s":{"0":1,"1":1,"2":0,"3":0,"4":0,"5":0,"6":0,"7":0,"8":0},"f":{"0":0},"b":{"0":[0,0],"1":[0,0,0]},"_coverageSchema":"1a1c01bbd47fc00a2c39e90264f33305004495a9","hash":"2ecfd1479f918633d541faa5ea2efb97e9d33404"}
,"B:\\AF-Project\\project-ShanilkaDharmapriya\\src\\controllers\\dashboardController": {"path":"B:\\AF-Project\\project-ShanilkaDharmapriya\\src\\controllers\\dashboardController","statementMap":{"0":{"start":{"line":1,"column":13},"end":{"line":1,"column":38}},"1":{"start":{"line":2,"column":20},"end":{"line":2,"column":52}},"2":{"start":{"line":3,"column":15},"end":{"line":3,"column":42}},"3":{"start":{"line":4,"column":13},"end":{"line":4,"column":38}},"4":{"start":{"line":6,"column":0},"end":{"line":60,"column":2}},"5":{"start":{"line":7,"column":4},"end":{"line":59,"column":5}},"6":{"start":{"line":8,"column":21},"end":{"line":8,"column":53}},"7":{"start":{"line":10,"column":8},"end":{"line":12,"column":9}},"8":{"start":{"line":11,"column":12},"end":{"line":11,"column":70}},"9":{"start":{"line":14,"column":8},"end":{"line":56,"column":9}},"10":{"start":{"line":15,"column":26},"end":{"line":15,"column":53}},"11":{"start":{"line":16,"column":33},"end":{"line":16,"column":67}},"12":{"start":{"line":17,"column":32},"end":{"line":20,"column":14}},"13":{"start":{"line":21,"column":34},"end":{"line":24,"column":14}},"14":{"start":{"line":26,"column":12},"end":{"line":33,"column":15}},"15":{"start":{"line":35,"column":33},"end":{"line":35,"column":106}},"16":{"start":{"line":36,"column":32},"end":{"line":39,"column":14}},"17":{"start":{"line":40,"column":34},"end":{"line":43,"column":14}},"18":{"start":{"line":44,"column":26},"end":{"line":44,"column":64}},"19":{"start":{"line":45,"column":28},"end":{"line":45,"column":68}},"20":{"start":{"line":47,"column":12},"end":{"line":55,"column":15}},"21":{"start":{"line":58,"column":8},"end":{"line":58,"column":56}}},"fnMap":{"0":{"name":"(anonymous_0)","decl":{"start":{"line":6,"column":23},"end":{"line":6,"column":24}},"loc":{"start":{"line":6,"column":43},"end":{"line":60,"column":1}},"line":6}},"branchMap":{"0":{"loc":{"start":{"line":10,"column":8},"end":{"line":12,"column":9}},"type":"if","locations":[{"start":{"line":10,"column":8},"end":{"line":12,"column":9}},{"start":{},"end":{}}],"line":10},"1":{"loc":{"start":{"line":14,"column":8},"end":{"line":56,"column":9}},"type":"if","locations":[{"start":{"line":14,"column":8},"end":{"line":56,"column":9}},{"start":{"line":34,"column":15},"end":{"line":56,"column":9}}],"line":14},"2":{"loc":{"start":{"line":30,"column":29},"end":{"line":30,"column":74}},"type":"cond-expr","locations":[{"start":{"line":30,"column":50},"end":{"line":30,"column":70}},{"start":{"line":30,"column":73},"end":{"line":30,"column":74}}],"line":30},"3":{"loc":{"start":{"line":31,"column":31},"end":{"line":31,"column":80}},"type":"cond-expr","locations":[{"start":{"line":31,"column":54},"end":{"line":31,"column":76}},{"start":{"line":31,"column":79},"end":{"line":31,"column":80}}],"line":31},"4":{"loc":{"start":{"line":49,"column":29},"end":{"line":49,"column":74}},"type":"cond-expr","locations":[{"start":{"line":49,"column":50},"end":{"line":49,"column":70}},{"start":{"line":49,"column":73},"end":{"line":49,"column":74}}],"line":49},"5":{"loc":{"start":{"line":50,"column":31},"end":{"line":50,"column":80}},"type":"cond-expr","locations":[{"start":{"line":50,"column":54},"end":{"line":50,"column":76}},{"start":{"line":50,"column":79},"end":{"line":50,"column":80}}],"line":50}},"s":{"0":1,"1":1,"2":1,"3":1,"4":1,"5":0,"6":0,"7":0,"8":0,"9":0,"10":0,"11":0,"12":0,"13":0,"14":0,"15":0,"16":0,"17":0,"18":0,"19":0,"20":0,"21":0},"f":{"0":0},"b":{"0":[0,0],"1":[0,0],"2":[0,0],"3":[0,0],"4":[0,0],"5":[0,0]},"inputSourceMap":null,"_coverageSchema":"1a1c01bbd47fc00a2c39e90264f33305004495a9","hash":"32ba1e2d07cdbec57a2805d30fb9df0a1d93b50d"}
,"B:\\AF-Project\\project-ShanilkaDharmapriya\\src\\controllers\\goalController.js": {"path":"B:\\AF-Project\\project-ShanilkaDharmapriya\\src\\controllers\\goalController.js","statementMap":{"0":{"start":{"line":1,"column":11},"end":{"line":1,"column":36}},"1":{"start":{"line":2,"column":18},"end":{"line":2,"column":50}},"2":{"start":{"line":4,"column":0},"end":{"line":20,"column":1}},"3":{"start":{"line":5,"column":4},"end":{"line":19,"column":5}},"4":{"start":{"line":6,"column":76},"end":{"line":6,"column":84}},"5":{"start":{"line":8,"column":19},"end":{"line":15,"column":10}},"6":{"start":{"line":16,"column":8},"end":{"line":16,"column":35}},"7":{"start":{"line":18,"column":8},"end":{"line":18,"column":57}},"8":{"start":{"line":22,"column":0},"end":{"line":29,"column":1}},"9":{"start":{"line":23,"column":4},"end":{"line":28,"column":5}},"10":{"start":{"line":24,"column":19},"end":{"line":24,"column":54}},"11":{"start":{"line":25,"column":8},"end":{"line":25,"column":22}},"12":{"start":{"line":27,"column":8},"end":{"line":27,"column":53}},"13":{"start":{"line":31,"column":0},"end":{"line":45,"column":1}},"14":{"start":{"line":32,"column":4},"end":{"line":44,"column":5}},"15":{"start":{"line":33,"column":19},"end":{"line":33,"column":54}},"16":{"start":{"line":35,"column":23},"end":{"line":40,"column":11}},"17":{"start":{"line":35,"column":42},"end":{"line":40,"column":9}},"18":{"start":{"line":41,"column":8},"end":{"line":41,"column":26}},"19":{"start":{"line":43,"column":8},"end":{"line":43,"column":53}},"20":{"start":{"line":47,"column":0},"end":{"line":65,"column":2}},"21":{"start":{"line":48,"column":4},"end":{"line":64,"column":5}},"22":{"start":{"line":49,"column":21},"end":{"line":49,"column":54}},"23":{"start":{"line":51,"column":8},"end":{"line":59,"column":12}},"24":{"start":{"line":52,"column":34},"end":{"line":52,"column":82}},"25":{"start":{"line":54,"column":12},"end":{"line":56,"column":13}},"26":{"start":{"line":55,"column":16},"end":{"line":55,"column":36}},"27":{"start":{"line":57,"column":12},"end":{"line":57,"column":51}},"28":{"start":{"line":58,"column":12},"end":{"line":58,"column":31}},"29":{"start":{"line":61,"column":8},"end":{"line":61,"column":68}},"30":{"start":{"line":63,"column":8},"end":{"line":63,"column":37}},"31":{"start":{"line":72,"column":0},"end":{"line":83,"column":2}},"32":{"start":{"line":73,"column":4},"end":{"line":82,"column":5}},"33":{"start":{"line":74,"column":21},"end":{"line":74,"column":55}},"34":{"start":{"line":75,"column":8},"end":{"line":76,"column":70}},"35":{"start":{"line":76,"column":12},"end":{"line":76,"column":70}},"36":{"start":{"line":78,"column":8},"end":{"line":78,"column":31}},"37":{"start":{"line":79,"column":8},"end":{"line":79,"column":59}},"38":{"start":{"line":81,"column":8},"end":{"line":81,"column":57}}},"fnMap":{"0":{"name":"(anonymous_0)","decl":{"start":{"line":4,"column":19},"end":{"line":4,"column":20}},"loc":{"start":{"line":4,"column":38},"end":{"line":20,"column":1}},"line":4},"1":{"name":"(anonymous_1)","decl":{"start":{"line":22,"column":16},"end":{"line":22,"column":17}},"loc":{"start":{"line":22,"column":35},"end":{"line":29,"column":1}},"line":22},"2":{"name":"(anonymous_2)","decl":{"start":{"line":31,"column":24},"end":{"line":31,"column":25}},"loc":{"start":{"line":31,"column":43},"end":{"line":45,"column":1}},"line":31},"3":{"name":"(anonymous_3)","decl":{"start":{"line":35,"column":32},"end":{"line":35,"column":33}},"loc":{"start":{"line":35,"column":42},"end":{"line":40,"column":9}},"line":35},"4":{"name":"(anonymous_4)","decl":{"start":{"line":47,"column":22},"end":{"line":47,"column":23}},"loc":{"start":{"line":47,"column":54},"end":{"line":65,"column":1}},"line":47},"5":{"name":"(anonymous_5)","decl":{"start":{"line":51,"column":35},"end":{"line":51,"column":36}},"loc":{"start":{"line":51,"column":52},"end":{"line":59,"column":9}},"line":51},"6":{"name":"(anonymous_6)","decl":{"start":{"line":72,"column":21},"end":{"line":72,"column":22}},"loc":{"start":{"line":72,"column":41},"end":{"line":83,"column":1}},"line":72}},"branchMap":{"0":{"loc":{"start":{"line":54,"column":12},"end":{"line":56,"column":13}},"type":"if","locations":[{"start":{"line":54,"column":12},"end":{"line":56,"column":13}},{"start":{},"end":{}}],"line":54},"1":{"loc":{"start":{"line":75,"column":8},"end":{"line":76,"column":70}},"type":"if","locations":[{"start":{"line":75,"column":8},"end":{"line":76,"column":70}},{"start":{},"end":{}}],"line":75},"2":{"loc":{"start":{"line":75,"column":12},"end":{"line":75,"column":57}},"type":"binary-expr","locations":[{"start":{"line":75,"column":12},"end":{"line":75,"column":17}},{"start":{"line":75,"column":21},"end":{"line":75,"column":57}}],"line":75}},"s":{"0":3,"1":3,"2":3,"3":2,"4":2,"5":2,"6":1,"7":1,"8":3,"9":0,"10":0,"11":0,"12":0,"13":3,"14":0,"15":0,"16":0,"17":0,"18":0,"19":0,"20":3,"21":1,"22":1,"23":1,"24":0,"25":0,"26":0,"27":0,"28":0,"29":0,"30":1,"31":3,"32":0,"33":0,"34":0,"35":0,"36":0,"37":0,"38":0},"f":{"0":2,"1":0,"2":0,"3":0,"4":1,"5":0,"6":0},"b":{"0":[0,0],"1":[0,0],"2":[0,0]},"_coverageSchema":"1a1c01bbd47fc00a2c39e90264f33305004495a9","hash":"6c1b0004be88ee8c86fbc5e2d0653beed3106934"}
,"B:\\AF-Project\\project-ShanilkaDharmapriya\\src\\controllers\\notificationController.js": {"path":"B:\\AF-Project\\project-ShanilkaDharmapriya\\src\\controllers\\notificationController.js","statementMap":{"0":{"start":{"line":1,"column":15},"end":{"line":1,"column":42}},"1":{"start":{"line":2,"column":13},"end":{"line":2,"column":38}},"2":{"start":{"line":3,"column":20},"end":{"line":3,"column":52}},"3":{"start":{"line":5,"column":0},"end":{"line":57,"column":2}},"4":{"start":{"line":6,"column":4},"end":{"line":56,"column":5}},"5":{"start":{"line":7,"column":24},"end":{"line":7,"column":64}},"6":{"start":{"line":8,"column":29},"end":{"line":8,"column":90}},"7":{"start":{"line":10,"column":27},"end":{"line":10,"column":29}},"8":{"start":{"line":11,"column":25},"end":{"line":11,"column":26}},"9":{"start":{"line":12,"column":32},"end":{"line":12,"column":33}},"10":{"start":{"line":14,"column":8},"end":{"line":16,"column":9}},"11":{"start":{"line":15,"column":12},"end":{"line":15,"column":81}},"12":{"start":{"line":18,"column":8},"end":{"line":36,"column":9}},"13":{"start":{"line":19,"column":26},"end":{"line":21,"column":54}},"14":{"start":{"line":20,"column":29},"end":{"line":20,"column":92}},"15":{"start":{"line":21,"column":36},"end":{"line":21,"column":50}},"16":{"start":{"line":23,"column":12},"end":{"line":35,"column":13}},"17":{"start":{"line":24,"column":16},"end":{"line":24,"column":35}},"18":{"start":{"line":25,"column":16},"end":{"line":25,"column":51}},"19":{"start":{"line":26,"column":19},"end":{"line":35,"column":13}},"20":{"start":{"line":27,"column":16},"end":{"line":34,"column":19}},"21":{"start":{"line":41,"column":8},"end":{"line":50,"column":9}},"22":{"start":{"line":42,"column":12},"end":{"line":49,"column":15}},"23":{"start":{"line":52,"column":8},"end":{"line":52,"column":103}},"24":{"start":{"line":54,"column":8},"end":{"line":54,"column":54}},"25":{"start":{"line":55,"column":8},"end":{"line":55,"column":57}},"26":{"start":{"line":59,"column":0},"end":{"line":87,"column":2}},"27":{"start":{"line":60,"column":4},"end":{"line":86,"column":5}},"28":{"start":{"line":61,"column":22},"end":{"line":61,"column":60}},"29":{"start":{"line":62,"column":21},"end":{"line":62,"column":23}},"30":{"start":{"line":64,"column":8},"end":{"line":66,"column":9}},"31":{"start":{"line":65,"column":12},"end":{"line":65,"column":72}},"32":{"start":{"line":68,"column":8},"end":{"line":80,"column":9}},"33":{"start":{"line":69,"column":27},"end":{"line":69,"column":73}},"34":{"start":{"line":71,"column":12},"end":{"line":79,"column":13}},"35":{"start":{"line":72,"column":16},"end":{"line":78,"column":19}},"36":{"start":{"line":82,"column":8},"end":{"line":82,"column":90}},"37":{"start":{"line":84,"column":8},"end":{"line":84,"column":56}},"38":{"start":{"line":85,"column":8},"end":{"line":85,"column":57}},"39":{"start":{"line":89,"column":0},"end":{"line":103,"column":2}},"40":{"start":{"line":90,"column":4},"end":{"line":102,"column":5}},"41":{"start":{"line":91,"column":22},"end":{"line":91,"column":32}},"42":{"start":{"line":92,"column":37},"end":{"line":96,"column":28}},"43":{"start":{"line":98,"column":8},"end":{"line":98,"column":121}},"44":{"start":{"line":100,"column":8},"end":{"line":100,"column":59}},"45":{"start":{"line":101,"column":8},"end":{"line":101,"column":57}}},"fnMap":{"0":{"name":"(anonymous_0)","decl":{"start":{"line":5,"column":22},"end":{"line":5,"column":23}},"loc":{"start":{"line":5,"column":42},"end":{"line":57,"column":1}},"line":5},"1":{"name":"(anonymous_1)","decl":{"start":{"line":20,"column":24},"end":{"line":20,"column":25}},"loc":{"start":{"line":20,"column":29},"end":{"line":20,"column":92}},"line":20},"2":{"name":"(anonymous_2)","decl":{"start":{"line":21,"column":24},"end":{"line":21,"column":25}},"loc":{"start":{"line":21,"column":36},"end":{"line":21,"column":50}},"line":21},"3":{"name":"(anonymous_3)","decl":{"start":{"line":59,"column":24},"end":{"line":59,"column":25}},"loc":{"start":{"line":59,"column":44},"end":{"line":87,"column":1}},"line":59},"4":{"name":"(anonymous_4)","decl":{"start":{"line":89,"column":27},"end":{"line":89,"column":28}},"loc":{"start":{"line":89,"column":47},"end":{"line":103,"column":1}},"line":89}},"branchMap":{"0":{"loc":{"start":{"line":14,"column":8},"end":{"line":16,"column":9}},"type":"if","locations":[{"start":{"line":14,"column":8},"end":{"line":16,"column":9}},{"start":{},"end":{}}],"line":14},"1":{"loc":{"start":{"line":14,"column":12},"end":{"line":14,"column":44}},"type":"binary-expr","locations":[{"start":{"line":14,"column":12},"end":{"line":14,"column":20}},{"start":{"line":14,"column":24},"end":{"line":14,"column":44}}],"line":14},"2":{"loc":{"start":{"line":20,"column":29},"end":{"line":20,"column":92}},"type":"binary-expr","locations":[{"start":{"line":20,"column":29},"end":{"line":20,"column":58}},{"start":{"line":20,"column":62},"end":{"line":20,"column":92}}],"line":20},"3":{"loc":{"start":{"line":23,"column":12},"end":{"line":35,"column":13}},"type":"if","locations":[{"start":{"line":23,"column":12},"end":{"line":35,"column":13}},{"start":{"line":26,"column":19},"end":{"line":35,"column":13}}],"line":23},"4":{"loc":{"start":{"line":26,"column":19},"end":{"line":35,"column":13}},"type":"if","locations":[{"start":{"line":26,"column":19},"end":{"line":35,"column":13}},{"start":{},"end":{}}],"line":26},"5":{"loc":{"start":{"line":31,"column":29},"end":{"line":33,"column":79}},"type":"cond-expr","locations":[{"start":{"line":32,"column":26},"end":{"line":32,"column":81}},{"start":{"line":33,"column":26},"end":{"line":33,"column":79}}],"line":31},"6":{"loc":{"start":{"line":41,"column":8},"end":{"line":50,"column":9}},"type":"if","locations":[{"start":{"line":41,"column":8},"end":{"line":50,"column":9}},{"start":{},"end":{}}],"line":41},"7":{"loc":{"start":{"line":41,"column":12},"end":{"line":41,"column":76}},"type":"binary-expr","locations":[{"start":{"line":41,"column":12},"end":{"line":41,"column":34}},{"start":{"line":41,"column":38},"end":{"line":41,"column":76}}],"line":41},"8":{"loc":{"start":{"line":46,"column":25},"end":{"line":48,"column":66}},"type":"cond-expr","locations":[{"start":{"line":47,"column":22},"end":{"line":47,"column":68}},{"start":{"line":48,"column":22},"end":{"line":48,"column":66}}],"line":46},"9":{"loc":{"start":{"line":52,"column":29},"end":{"line":52,"column":101}},"type":"cond-expr","locations":[{"start":{"line":52,"column":55},"end":{"line":52,"column":67}},{"start":{"line":52,"column":70},"end":{"line":52,"column":101}}],"line":52},"10":{"loc":{"start":{"line":64,"column":8},"end":{"line":66,"column":9}},"type":"if","locations":[{"start":{"line":64,"column":8},"end":{"line":66,"column":9}},{"start":{},"end":{}}],"line":64},"11":{"loc":{"start":{"line":64,"column":12},"end":{"line":64,"column":40}},"type":"binary-expr","locations":[{"start":{"line":64,"column":12},"end":{"line":64,"column":18}},{"start":{"line":64,"column":22},"end":{"line":64,"column":40}}],"line":64},"12":{"loc":{"start":{"line":71,"column":12},"end":{"line":79,"column":13}},"type":"if","locations":[{"start":{"line":71,"column":12},"end":{"line":79,"column":13}},{"start":{},"end":{}}],"line":71},"13":{"loc":{"start":{"line":75,"column":29},"end":{"line":77,"column":105}},"type":"cond-expr","locations":[{"start":{"line":76,"column":26},"end":{"line":76,"column":87}},{"start":{"line":77,"column":26},"end":{"line":77,"column":105}}],"line":75},"14":{"loc":{"start":{"line":82,"column":29},"end":{"line":82,"column":88}},"type":"cond-expr","locations":[{"start":{"line":82,"column":49},"end":{"line":82,"column":55}},{"start":{"line":82,"column":58},"end":{"line":82,"column":88}}],"line":82},"15":{"loc":{"start":{"line":98,"column":29},"end":{"line":98,"column":119}},"type":"cond-expr","locations":[{"start":{"line":98,"column":63},"end":{"line":98,"column":83}},{"start":{"line":98,"column":86},"end":{"line":98,"column":119}}],"line":98}},"s":{"0":2,"1":2,"2":2,"3":2,"4":2,"5":2,"6":2,"7":2,"8":2,"9":2,"10":2,"11":0,"12":2,"13":2,"14":2,"15":2,"16":2,"17":0,"18":0,"19":2,"20":1,"21":2,"22":0,"23":2,"24":0,"25":0,"26":2,"27":1,"28":1,"29":1,"30":1,"31":0,"32":1,"33":1,"34":1,"35":1,"36":1,"37":0,"38":0,"39":2,"40":0,"41":0,"42":0,"43":0,"44":0,"45":0},"f":{"0":2,"1":2,"2":2,"3":1,"4":0},"b":{"0":[0,2],"1":[2,2],"2":[2,2],"3":[0,2],"4":[1,1],"5":[0,1],"6":[0,2],"7":[2,0],"8":[0,0],"9":[1,1],"10":[0,1],"11":[1,1],"12":[1,0],"13":[0,1],"14":[1,0],"15":[0,0]},"_coverageSchema":"1a1c01bbd47fc00a2c39e90264f33305004495a9","hash":"ab7d13b9ddce9afb2ad692952210fbcdff2b84f1"}
,"B:\\AF-Project\\project-ShanilkaDharmapriya\\src\\controllers\\reportController.js": {"path":"B:\\AF-Project\\project-ShanilkaDharmapriya\\src\\controllers\\reportController.js","statementMap":{"0":{"start":{"line":1,"column":18},"end":{"line":1,"column":50}},"1":{"start":{"line":2,"column":17},"end":{"line":2,"column":36}},"2":{"start":{"line":4,"column":0},"end":{"line":27,"column":2}},"3":{"start":{"line":5,"column":4},"end":{"line":26,"column":5}},"4":{"start":{"line":6,"column":43},"end":{"line":6,"column":52}},"5":{"start":{"line":8,"column":19},"end":{"line":12,"column":9}},"6":{"start":{"line":14,"column":8},"end":{"line":16,"column":9}},"7":{"start":{"line":15,"column":12},"end":{"line":15,"column":36}},"8":{"start":{"line":17,"column":29},"end":{"line":17,"column":59}},"9":{"start":{"line":19,"column":21},"end":{"line":19,"column":23}},"10":{"start":{"line":20,"column":12},"end":{"line":22,"column":14}},"11":{"start":{"line":21,"column":12},"end":{"line":21,"column":100}},"12":{"start":{"line":23,"column":8},"end":{"line":23,"column":24}},"13":{"start":{"line":25,"column":8},"end":{"line":25,"column":57}},"14":{"start":{"line":29,"column":0},"end":{"line":77,"column":2}},"15":{"start":{"line":30,"column":4},"end":{"line":76,"column":5}},"16":{"start":{"line":31,"column":39},"end":{"line":31,"column":48}},"17":{"start":{"line":33,"column":8},"end":{"line":35,"column":9}},"18":{"start":{"line":34,"column":12},"end":{"line":34,"column":89}},"19":{"start":{"line":37,"column":22},"end":{"line":37,"column":41}},"20":{"start":{"line":38,"column":20},"end":{"line":38,"column":37}},"21":{"start":{"line":40,"column":8},"end":{"line":42,"column":9}},"22":{"start":{"line":41,"column":12},"end":{"line":41,"column":76}},"23":{"start":{"line":44,"column":8},"end":{"line":46,"column":9}},"24":{"start":{"line":45,"column":12},"end":{"line":45,"column":72}},"25":{"start":{"line":48,"column":23},"end":{"line":48,"column":63}},"26":{"start":{"line":50,"column":8},"end":{"line":50,"column":70}},"27":{"start":{"line":52,"column":23},"end":{"line":55,"column":10}},"28":{"start":{"line":57,"column":25},"end":{"line":60,"column":10}},"29":{"start":{"line":62,"column":8},"end":{"line":62,"column":44}},"30":{"start":{"line":63,"column":8},"end":{"line":63,"column":47}},"31":{"start":{"line":65,"column":8},"end":{"line":68,"column":11}},"32":{"start":{"line":74,"column":8},"end":{"line":74,"column":61}},"33":{"start":{"line":75,"column":8},"end":{"line":75,"column":57}}},"fnMap":{"0":{"name":"(anonymous_0)","decl":{"start":{"line":4,"column":26},"end":{"line":4,"column":27}},"loc":{"start":{"line":4,"column":45},"end":{"line":27,"column":1}},"line":4},"1":{"name":"(anonymous_1)","decl":{"start":{"line":20,"column":33},"end":{"line":20,"column":34}},"loc":{"start":{"line":20,"column":48},"end":{"line":22,"column":13}},"line":20},"2":{"name":"(anonymous_2)","decl":{"start":{"line":29,"column":29},"end":{"line":29,"column":30}},"loc":{"start":{"line":29,"column":49},"end":{"line":77,"column":1}},"line":29}},"branchMap":{"0":{"loc":{"start":{"line":14,"column":8},"end":{"line":16,"column":9}},"type":"if","locations":[{"start":{"line":14,"column":8},"end":{"line":16,"column":9}},{"start":{},"end":{}}],"line":14},"1":{"loc":{"start":{"line":21,"column":44},"end":{"line":21,"column":77}},"type":"binary-expr","locations":[{"start":{"line":21,"column":44},"end":{"line":21,"column":72}},{"start":{"line":21,"column":76},"end":{"line":21,"column":77}}],"line":21},"2":{"loc":{"start":{"line":33,"column":8},"end":{"line":35,"column":9}},"type":"if","locations":[{"start":{"line":33,"column":8},"end":{"line":35,"column":9}},{"start":{},"end":{}}],"line":33},"3":{"loc":{"start":{"line":33,"column":12},"end":{"line":33,"column":34}},"type":"binary-expr","locations":[{"start":{"line":33,"column":12},"end":{"line":33,"column":22}},{"start":{"line":33,"column":26},"end":{"line":33,"column":34}}],"line":33},"4":{"loc":{"start":{"line":40,"column":8},"end":{"line":42,"column":9}},"type":"if","locations":[{"start":{"line":40,"column":8},"end":{"line":42,"column":9}},{"start":{},"end":{}}],"line":40},"5":{"loc":{"start":{"line":40,"column":12},"end":{"line":40,"column":58}},"type":"binary-expr","locations":[{"start":{"line":40,"column":12},"end":{"line":40,"column":34}},{"start":{"line":40,"column":38},"end":{"line":40,"column":58}}],"line":40},"6":{"loc":{"start":{"line":44,"column":8},"end":{"line":46,"column":9}},"type":"if","locations":[{"start":{"line":44,"column":8},"end":{"line":46,"column":9}},{"start":{},"end":{}}],"line":44},"7":{"loc":{"start":{"line":66,"column":25},"end":{"line":66,"column":70}},"type":"cond-expr","locations":[{"start":{"line":66,"column":45},"end":{"line":66,"column":66}},{"start":{"line":66,"column":69},"end":{"line":66,"column":70}}],"line":66},"8":{"loc":{"start":{"line":67,"column":27},"end":{"line":67,"column":78}},"type":"cond-expr","locations":[{"start":{"line":67,"column":49},"end":{"line":67,"column":74}},{"start":{"line":67,"column":77},"end":{"line":67,"column":78}}],"line":67}},"s":{"0":2,"1":2,"2":2,"3":0,"4":0,"5":0,"6":0,"7":0,"8":0,"9":0,"10":0,"11":0,"12":0,"13":0,"14":2,"15":2,"16":2,"17":2,"18":0,"19":2,"20":2,"21":2,"22":0,"23":2,"24":0,"25":2,"26":2,"27":2,"28":2,"29":2,"30":2,"31":2,"32":0,"33":0},"f":{"0":0,"1":0,"2":2},"b":{"0":[0,0],"1":[0,0],"2":[0,2],"3":[2,2],"4":[0,2],"5":[2,2],"6":[0,2],"7":[1,1],"8":[1,1]},"_coverageSchema":"1a1c01bbd47fc00a2c39e90264f33305004495a9","hash":"bbcb98582c80db285cf31ad8aab51b5bb63c9f16"}
,"B:\\AF-Project\\project-ShanilkaDharmapriya\\src\\controllers\\transactionController.js": {"path":"B:\\AF-Project\\project-ShanilkaDharmapriya\\src\\controllers\\transactionController.js","statementMap":{"0":{"start":{"line":1,"column":18},"end":{"line":1,"column":51}},"1":{"start":{"line":2,"column":20},"end":{"line":2,"column":60}},"2":{"start":{"line":3,"column":28},"end":{"line":3,"column":65}},"3":{"start":{"line":4,"column":13},"end":{"line":4,"column":38}},"4":{"start":{"line":7,"column":0},"end":{"line":43,"column":6}},"5":{"start":{"line":8,"column":8},"end":{"line":42,"column":9}},"6":{"start":{"line":9,"column":82},"end":{"line":9,"column":90}},"7":{"start":{"line":11,"column":25},"end":{"line":11,"column":57}},"8":{"start":{"line":12,"column":12},"end":{"line":14,"column":13}},"9":{"start":{"line":13,"column":16},"end":{"line":13,"column":75}},"10":{"start":{"line":15,"column":33},"end":{"line":15,"column":64}},"11":{"start":{"line":17,"column":30},"end":{"line":17,"column":36}},"12":{"start":{"line":18,"column":38},"end":{"line":18,"column":50}},"13":{"start":{"line":20,"column":12},"end":{"line":22,"column":13}},"14":{"start":{"line":21,"column":16},"end":{"line":21,"column":84}},"15":{"start":{"line":24,"column":35},"end":{"line":33,"column":14}},"16":{"start":{"line":35,"column":12},"end":{"line":37,"column":13}},"17":{"start":{"line":36,"column":16},"end":{"line":36,"column":60}},"18":{"start":{"line":39,"column":12},"end":{"line":39,"column":49}},"19":{"start":{"line":41,"column":12},"end":{"line":41,"column":61}},"20":{"start":{"line":54,"column":0},"end":{"line":71,"column":2}},"21":{"start":{"line":55,"column":4},"end":{"line":70,"column":5}},"22":{"start":{"line":56,"column":21},"end":{"line":56,"column":53}},"23":{"start":{"line":57,"column":29},"end":{"line":57,"column":51}},"24":{"start":{"line":59,"column":29},"end":{"line":59,"column":90}},"25":{"start":{"line":61,"column":38},"end":{"line":67,"column":11}},"26":{"start":{"line":62,"column":12},"end":{"line":65,"column":13}},"27":{"start":{"line":63,"column":16},"end":{"line":63,"column":115}},"28":{"start":{"line":64,"column":16},"end":{"line":64,"column":52}},"29":{"start":{"line":66,"column":12},"end":{"line":66,"column":31}},"30":{"start":{"line":67,"column":13},"end":{"line":67,"column":45}},"31":{"start":{"line":69,"column":8},"end":{"line":69,"column":57}},"32":{"start":{"line":73,"column":0},"end":{"line":82,"column":1}},"33":{"start":{"line":74,"column":4},"end":{"line":81,"column":5}},"34":{"start":{"line":75,"column":26},"end":{"line":75,"column":67}},"35":{"start":{"line":76,"column":8},"end":{"line":77,"column":67}},"36":{"start":{"line":77,"column":12},"end":{"line":77,"column":67}},"37":{"start":{"line":78,"column":8},"end":{"line":78,"column":29}},"38":{"start":{"line":80,"column":8},"end":{"line":80,"column":53}},"39":{"start":{"line":84,"column":0},"end":{"line":102,"column":1}},"40":{"start":{"line":85,"column":4},"end":{"line":91,"column":5}},"41":{"start":{"line":86,"column":21},"end":{"line":86,"column":31}},"42":{"start":{"line":87,"column":25},"end":{"line":87,"column":85}},"43":{"start":{"line":88,"column":8},"end":{"line":88,"column":38}},"44":{"start":{"line":90,"column":8},"end":{"line":90,"column":43}},"45":{"start":{"line":104,"column":0},"end":{"line":114,"column":1}},"46":{"start":{"line":105,"column":4},"end":{"line":113,"column":5}},"47":{"start":{"line":106,"column":26},"end":{"line":106,"column":67}},"48":{"start":{"line":107,"column":8},"end":{"line":108,"column":67}},"49":{"start":{"line":108,"column":12},"end":{"line":108,"column":67}},"50":{"start":{"line":109,"column":8},"end":{"line":109,"column":31}},"51":{"start":{"line":110,"column":8},"end":{"line":110,"column":49}},"52":{"start":{"line":112,"column":8},"end":{"line":112,"column":53}}},"fnMap":{"0":{"name":"(anonymous_0)","decl":{"start":{"line":7,"column":28},"end":{"line":7,"column":29}},"loc":{"start":{"line":7,"column":48},"end":{"line":43,"column":5}},"line":7},"1":{"name":"(anonymous_1)","decl":{"start":{"line":54,"column":25},"end":{"line":54,"column":26}},"loc":{"start":{"line":54,"column":45},"end":{"line":71,"column":1}},"line":54},"2":{"name":"(anonymous_2)","decl":{"start":{"line":61,"column":73},"end":{"line":61,"column":74}},"loc":{"start":{"line":61,"column":96},"end":{"line":67,"column":9}},"line":61},"3":{"name":"(anonymous_3)","decl":{"start":{"line":73,"column":27},"end":{"line":73,"column":28}},"loc":{"start":{"line":73,"column":46},"end":{"line":82,"column":1}},"line":73},"4":{"name":"(anonymous_4)","decl":{"start":{"line":84,"column":26},"end":{"line":84,"column":27}},"loc":{"start":{"line":84,"column":45},"end":{"line":102,"column":1}},"line":84},"5":{"name":"(anonymous_5)","decl":{"start":{"line":104,"column":26},"end":{"line":104,"column":27}},"loc":{"start":{"line":104,"column":45},"end":{"line":114,"column":1}},"line":104}},"branchMap":{"0":{"loc":{"start":{"line":12,"column":12},"end":{"line":14,"column":13}},"type":"if","locations":[{"start":{"line":12,"column":12},"end":{"line":14,"column":13}},{"start":{},"end":{}}],"line":12},"1":{"loc":{"start":{"line":15,"column":33},"end":{"line":15,"column":64}},"type":"binary-expr","locations":[{"start":{"line":15,"column":33},"end":{"line":15,"column":55}},{"start":{"line":15,"column":59},"end":{"line":15,"column":64}}],"line":15},"2":{"loc":{"start":{"line":20,"column":12},"end":{"line":22,"column":13}},"type":"if","locations":[{"start":{"line":20,"column":12},"end":{"line":22,"column":13}},{"start":{},"end":{}}],"line":20},"3":{"loc":{"start":{"line":20,"column":16},"end":{"line":20,"column":53}},"type":"binary-expr","locations":[{"start":{"line":20,"column":16},"end":{"line":20,"column":24}},{"start":{"line":20,"column":28},"end":{"line":20,"column":53}}],"line":20},"4":{"loc":{"start":{"line":35,"column":12},"end":{"line":37,"column":13}},"type":"if","locations":[{"start":{"line":35,"column":12},"end":{"line":37,"column":13}},{"start":{},"end":{}}],"line":35},"5":{"loc":{"start":{"line":62,"column":12},"end":{"line":65,"column":13}},"type":"if","locations":[{"start":{"line":62,"column":12},"end":{"line":65,"column":13}},{"start":{},"end":{}}],"line":62},"6":{"loc":{"start":{"line":76,"column":8},"end":{"line":77,"column":67}},"type":"if","locations":[{"start":{"line":76,"column":8},"end":{"line":77,"column":67}},{"start":{},"end":{}}],"line":76},"7":{"loc":{"start":{"line":76,"column":11},"end":{"line":76,"column":71}},"type":"binary-expr","locations":[{"start":{"line":76,"column":11},"end":{"line":76,"column":23}},{"start":{"line":76,"column":28},"end":{"line":76,"column":71}}],"line":76},"8":{"loc":{"start":{"line":107,"column":8},"end":{"line":108,"column":67}},"type":"if","locations":[{"start":{"line":107,"column":8},"end":{"line":108,"column":67}},{"start":{},"end":{}}],"line":107},"9":{"loc":{"start":{"line":107,"column":11},"end":{"line":107,"column":70}},"type":"binary-expr","locations":[{"start":{"line":107,"column":11},"end":{"line":107,"column":23}},{"start":{"line":107,"column":27},"end":{"line":107,"column":70}}],"line":107}},"s":{"0":2,"1":2,"2":2,"3":2,"4":2,"5":1,"6":1,"7":1,"8":1,"9":0,"10":1,"11":1,"12":1,"13":1,"14":1,"15":1,"16":1,"17":1,"18":1,"19":0,"20":2,"21":0,"22":0,"23":0,"24":0,"25":0,"26":0,"27":0,"28":0,"29":0,"30":0,"31":0,"32":2,"33":0,"34":0,"35":0,"36":0,"37":0,"38":0,"39":2,"40":0,"41":0,"42":0,"43":0,"44":0,"45":2,"46":0,"47":0,"48":0,"49":0,"50":0,"51":0,"52":0},"f":{"0":1,"1":0,"2":0,"3":0,"4":0,"5":0},"b":{"0":[0,1],"1":[1,0],"2":[1,0],"3":[1,1],"4":[1,0],"5":[0,0],"6":[0,0],"7":[0,0],"8":[0,0],"9":[0,0]},"_coverageSchema":"1a1c01bbd47fc00a2c39e90264f33305004495a9","hash":"d1daf7e6eb8830e4951716f1dfbe2e38895fa732"}
,"B:\\AF-Project\\project-ShanilkaDharmapriya\\src\\middleware\\authMiddleware.js": {"path":"B:\\AF-Project\\project-ShanilkaDharmapriya\\src\\middleware\\authMiddleware.js","statementMap":{"0":{"start":{"line":1,"column":12},"end":{"line":1,"column":35}},"1":{"start":{"line":3,"column":0},"end":{"line":14,"column":2}},"2":{"start":{"line":4,"column":18},"end":{"line":4,"column":45}},"3":{"start":{"line":5,"column":4},"end":{"line":5,"column":74}},"4":{"start":{"line":5,"column":16},"end":{"line":5,"column":74}},"5":{"start":{"line":7,"column":4},"end":{"line":13,"column":5}},"6":{"start":{"line":8,"column":24},"end":{"line":8,"column":79}},"7":{"start":{"line":9,"column":8},"end":{"line":9,"column":27}},"8":{"start":{"line":10,"column":8},"end":{"line":10,"column":15}},"9":{"start":{"line":12,"column":8},"end":{"line":12,"column":59}}},"fnMap":{"0":{"name":"(anonymous_0)","decl":{"start":{"line":3,"column":25},"end":{"line":3,"column":26}},"loc":{"start":{"line":3,"column":45},"end":{"line":14,"column":1}},"line":3}},"branchMap":{"0":{"loc":{"start":{"line":5,"column":4},"end":{"line":5,"column":74}},"type":"if","locations":[{"start":{"line":5,"column":4},"end":{"line":5,"column":74}},{"start":{},"end":{}}],"line":5}},"s":{"0":1,"1":1,"2":0,"3":0,"4":0,"5":0,"6":0,"7":0,"8":0,"9":0},"f":{"0":0},"b":{"0":[0,0]},"_coverageSchema":"1a1c01bbd47fc00a2c39e90264f33305004495a9","hash":"bb58737b861a25944f494cc5bf9e8afb12ecb86a"}
,"B:\\AF-Project\\project-ShanilkaDharmapriya\\src\\models\\Budget.js": {"path":"B:\\AF-Project\\project-ShanilkaDharmapriya\\src\\models\\Budget.js","statementMap":{"0":{"start":{"line":1,"column":15},"end":{"line":1,"column":34}},"1":{"start":{"line":3,"column":19},"end":{"line":9,"column":2}},"2":{"start":{"line":11,"column":0},"end":{"line":11,"column":52}}},"fnMap":{},"branchMap":{},"s":{"0":3,"1":3,"2":3},"f":{},"b":{},"_coverageSchema":"1a1c01bbd47fc00a2c39e90264f33305004495a9","hash":"05969eb0b513d3f5d1ee18c3bdbb8784cb16f517"}
,"B:\\AF-Project\\project-ShanilkaDharmapriya\\src\\models\\Goal.js": {"path":"B:\\AF-Project\\project-ShanilkaDharmapriya\\src\\models\\Goal.js","statementMap":{"0":{"start":{"line":1,"column":15},"end":{"line":1,"column":34}},"1":{"start":{"line":3,"column":17},"end":{"line":10,"column":2}},"2":{"start":{"line":12,"column":0},"end":{"line":12,"column":48}}},"fnMap":{},"branchMap":{},"s":{"0":4,"1":4,"2":4},"f":{},"b":{},"_coverageSchema":"1a1c01bbd47fc00a2c39e90264f33305004495a9","hash":"1b7ba31f1275db102bf94b8e5c2b3d0fa74d9b00"}
,"B:\\AF-Project\\project-ShanilkaDharmapriya\\src\\models\\Transaction.js": {"path":"B:\\AF-Project\\project-ShanilkaDharmapriya\\src\\models\\Transaction.js","statementMap":{"0":{"start":{"line":1,"column":17},"end":{"line":1,"column":36}},"1":{"start":{"line":3,"column":26},"end":{"line":12,"column":2}},"2":{"start":{"line":14,"column":0},"end":{"line":14,"column":66}}},"fnMap":{},"branchMap":{},"s":{"0":6,"1":6,"2":6},"f":{},"b":{},"_coverageSchema":"1a1c01bbd47fc00a2c39e90264f33305004495a9","hash":"2b7617044f88bb6323065e4f956ddb447fe36fe5"}
,"B:\\AF-Project\\project-ShanilkaDharmapriya\\src\\models\\User.js": {"path":"B:\\AF-Project\\project-ShanilkaDharmapriya\\src\\models\\User.js","statementMap":{"0":{"start":{"line":1,"column":15},"end":{"line":1,"column":34}},"1":{"start":{"line":2,"column":15},"end":{"line":2,"column":34}},"2":{"start":{"line":4,"column":18},"end":{"line":10,"column":2}},"3":{"start":{"line":12,"column":0},"end":{"line":16,"column":3}},"4":{"start":{"line":13,"column":4},"end":{"line":13,"column":52}},"5":{"start":{"line":13,"column":38},"end":{"line":13,"column":52}},"6":{"start":{"line":14,"column":4},"end":{"line":14,"column":57}},"7":{"start":{"line":15,"column":4},"end":{"line":15,"column":11}},"8":{"start":{"line":18,"column":0},"end":{"line":18,"column":52}}},"fnMap":{"0":{"name":"(anonymous_0)","decl":{"start":{"line":12,"column":23},"end":{"line":12,"column":24}},"loc":{"start":{"line":12,"column":45},"end":{"line":16,"column":1}},"line":12}},"branchMap":{"0":{"loc":{"start":{"line":13,"column":4},"end":{"line":13,"column":52}},"type":"if","locations":[{"start":{"line":13,"column":4},"end":{"line":13,"column":52}},{"start":{},"end":{}}],"line":13}},"s":{"0":2,"1":2,"2":2,"3":2,"4":0,"5":0,"6":0,"7":0,"8":2},"f":{"0":0},"b":{"0":[0,0]},"_coverageSchema":"1a1c01bbd47fc00a2c39e90264f33305004495a9","hash":"22e20d3fd27268b6822417c7d4c538d4de63d1ed"}
,"B:\\AF-Project\\project-ShanilkaDharmapriya\\src\\routes\\authRoutes.js": {"path":"B:\\AF-Project\\project-ShanilkaDharmapriya\\src\\routes\\authRoutes.js","statementMap":{"0":{"start":{"line":1,"column":14},"end":{"line":1,"column":32}},"1":{"start":{"line":2,"column":23},"end":{"line":2,"column":63}},"2":{"start":{"line":3,"column":13},"end":{"line":3,"column":29}},"3":{"start":{"line":5,"column":0},"end":{"line":5,"column":34}},"4":{"start":{"line":6,"column":0},"end":{"line":6,"column":27}},"5":{"start":{"line":8,"column":0},"end":{"line":8,"column":22}}},"fnMap":{},"branchMap":{},"s":{"0":1,"1":1,"2":1,"3":1,"4":1,"5":1},"f":{},"b":{},"_coverageSchema":"1a1c01bbd47fc00a2c39e90264f33305004495a9","hash":"1c0c6ce9c2ffcd5ee4a219d371abc2c9e86ed7b7"}
,"B:\\AF-Project\\project-ShanilkaDharmapriya\\src\\routes\\budgetRoutes.js": {"path":"B:\\AF-Project\\project-ShanilkaDharmapriya\\src\\routes\\budgetRoutes.js","statementMap":{"0":{"start":{"line":1,"column":16},"end":{"line":1,"column":34}},"1":{"start":{"line":2,"column":27},"end":{"line":2,"column":66}},"2":{"start":{"line":10,"column":4},"end":{"line":10,"column":46}},"3":{"start":{"line":12,"column":15},"end":{"line":12,"column":31}},"4":{"start":{"line":14,"column":0},"end":{"line":14,"column":47}},"5":{"start":{"line":15,"column":0},"end":{"line":15,"column":44}},"6":{"start":{"line":16,"column":0},"end":{"line":16,"column":47}},"7":{"start":{"line":17,"column":0},"end":{"line":17,"column":49}},"8":{"start":{"line":18,"column":0},"end":{"line":18,"column":52}},"9":{"start":{"line":20,"column":0},"end":{"line":20,"column":24}}},"fnMap":{},"branchMap":{},"s":{"0":1,"1":1,"2":1,"3":1,"4":1,"5":1,"6":1,"7":1,"8":1,"9":1},"f":{},"b":{},"_coverageSchema":"1a1c01bbd47fc00a2c39e90264f33305004495a9","hash":"65f70af805a3fa48388cd09e2072cdcbc43a220e"}
,"B:\\AF-Project\\project-ShanilkaDharmapriya\\src\\routes\\currencyRoutes.js": {"path":"B:\\AF-Project\\project-ShanilkaDharmapriya\\src\\routes\\currencyRoutes.js","statementMap":{"0":{"start":{"line":1,"column":16},"end":{"line":1,"column":34}},"1":{"start":{"line":2,"column":28},"end":{"line":2,"column":72}},"2":{"start":{"line":3,"column":23},"end":{"line":3,"column":62}},"3":{"start":{"line":5,"column":15},"end":{"line":5,"column":31}},"4":{"start":{"line":7,"column":0},"end":{"line":7,"column":56}},"5":{"start":{"line":9,"column":0},"end":{"line":9,"column":24}}},"fnMap":{},"branchMap":{},"s":{"0":1,"1":1,"2":1,"3":1,"4":1,"5":1},"f":{},"b":{},"_coverageSchema":"1a1c01bbd47fc00a2c39e90264f33305004495a9","hash":"27e0e773309e654716481747f21200aaca61eb51"}
,"B:\\AF-Project\\project-ShanilkaDharmapriya\\src\\routes\\dashboardRoutes.js": {"path":"B:\\AF-Project\\project-ShanilkaDharmapriya\\src\\routes\\dashboardRoutes.js","statementMap":{"0":{"start":{"line":1,"column":16},"end":{"line":1,"column":34}},"1":{"start":{"line":2,"column":27},"end":{"line":2,"column":66}},"2":{"start":{"line":3,"column":25},"end":{"line":3,"column":70}},"3":{"start":{"line":5,"column":15},"end":{"line":5,"column":31}},"4":{"start":{"line":7,"column":0},"end":{"line":7,"column":46}},"5":{"start":{"line":9,"column":0},"end":{"line":9,"column":24}}},"fnMap":{},"branchMap":{},"s":{"0":1,"1":1,"2":1,"3":1,"4":1,"5":1},"f":{},"b":{},"_coverageSchema":"1a1c01bbd47fc00a2c39e90264f33305004495a9","hash":"77c4d626e3432982ce82dc773139c5edab84ddec"}
,"B:\\AF-Project\\project-ShanilkaDharmapriya\\src\\routes\\goalRoutes.js": {"path":"B:\\AF-Project\\project-ShanilkaDharmapriya\\src\\routes\\goalRoutes.js","statementMap":{"0":{"start":{"line":1,"column":16},"end":{"line":1,"column":34}},"1":{"start":{"line":2,"column":23},"end":{"line":2,"column":62}},"2":{"start":{"line":9,"column":4},"end":{"line":9,"column":44}},"3":{"start":{"line":11,"column":13},"end":{"line":11,"column":29}},"4":{"start":{"line":13,"column":0},"end":{"line":13,"column":42}},"5":{"start":{"line":14,"column":0},"end":{"line":14,"column":38}},"6":{"start":{"line":15,"column":0},"end":{"line":15,"column":54}},"7":{"start":{"line":16,"column":0},"end":{"line":16,"column":47}},"8":{"start":{"line":18,"column":0},"end":{"line":18,"column":22}}},"fnMap":{},"branchMap":{},"s":{"0":1,"1":1,"2":1,"3":1,"4":1,"5":1,"6":1,"7":1,"8":1},"f":{},"b":{},"_coverageSchema":"1a1c01bbd47fc00a2c39e90264f33305004495a9","hash":"f15dd03fecba2ab96d1a882cbd4549846c31d72f"}
,"B:\\AF-Project\\project-ShanilkaDharmapriya\\src\\routes\\notificationRoutes.js": {"path":"B:\\AF-Project\\project-ShanilkaDharmapriya\\src\\routes\\notificationRoutes.js","statementMap":{"0":{"start":{"line":1,"column":16},"end":{"line":1,"column":34}},"1":{"start":{"line":2,"column":27},"end":{"line":2,"column":66}},"2":{"start":{"line":3,"column":57},"end":{"line":3,"column":105}},"3":{"start":{"line":5,"column":15},"end":{"line":5,"column":31}},"4":{"start":{"line":7,"column":0},"end":{"line":7,"column":58}},"5":{"start":{"line":8,"column":0},"end":{"line":8,"column":58}},"6":{"start":{"line":9,"column":0},"end":{"line":9,"column":64}},"7":{"start":{"line":11,"column":0},"end":{"line":11,"column":24}}},"fnMap":{},"branchMap":{},"s":{"0":1,"1":1,"2":1,"3":1,"4":1,"5":1,"6":1,"7":1},"f":{},"b":{},"_coverageSchema":"1a1c01bbd47fc00a2c39e90264f33305004495a9","hash":"216280a9698adee846f86ceac7997137bd5245a1"}
,"B:\\AF-Project\\project-ShanilkaDharmapriya\\src\\routes\\reportRoutes.js": {"path":"B:\\AF-Project\\project-ShanilkaDharmapriya\\src\\routes\\reportRoutes.js","statementMap":{"0":{"start":{"line":1,"column":14},"end":{"line":1,"column":32}},"1":{"start":{"line":2,"column":23},"end":{"line":2,"column":62}},"2":{"start":{"line":5,"column":2},"end":{"line":5,"column":44}},"3":{"start":{"line":7,"column":13},"end":{"line":7,"column":29}},"4":{"start":{"line":9,"column":0},"end":{"line":9,"column":56}},"5":{"start":{"line":10,"column":0},"end":{"line":10,"column":63}},"6":{"start":{"line":12,"column":0},"end":{"line":12,"column":22}}},"fnMap":{},"branchMap":{},"s":{"0":1,"1":1,"2":1,"3":1,"4":1,"5":1,"6":1},"f":{},"b":{},"_coverageSchema":"1a1c01bbd47fc00a2c39e90264f33305004495a9","hash":"56b3a8feb30b5f34db712f799f3dc3369d604a0e"}
,"B:\\AF-Project\\project-ShanilkaDharmapriya\\src\\routes\\transactionRouts.js": {"path":"B:\\AF-Project\\project-ShanilkaDharmapriya\\src\\routes\\transactionRouts.js","statementMap":{"0":{"start":{"line":1,"column":16},"end":{"line":1,"column":34}},"1":{"start":{"line":2,"column":23},"end":{"line":2,"column":62}},"2":{"start":{"line":9,"column":4},"end":{"line":9,"column":51}},"3":{"start":{"line":11,"column":13},"end":{"line":11,"column":29}},"4":{"start":{"line":13,"column":0},"end":{"line":13,"column":49}},"5":{"start":{"line":14,"column":0},"end":{"line":14,"column":45}},"6":{"start":{"line":15,"column":0},"end":{"line":15,"column":52}},"7":{"start":{"line":16,"column":0},"end":{"line":16,"column":53}},"8":{"start":{"line":17,"column":0},"end":{"line":17,"column":54}},"9":{"start":{"line":19,"column":0},"end":{"line":19,"column":22}}},"fnMap":{},"branchMap":{},"s":{"0":1,"1":1,"2":1,"3":1,"4":1,"5":1,"6":1,"7":1,"8":1,"9":1},"f":{},"b":{},"_coverageSchema":"1a1c01bbd47fc00a2c39e90264f33305004495a9","hash":"13fc7ae26b1d6269997a145201e04db65e6e2e39"}
,"B:\\AF-Project\\project-ShanilkaDharmapriya\\src\\utils\\currencyConverter.js": {"path":"B:\\AF-Project\\project-ShanilkaDharmapriya\\src\\utils\\currencyConverter.js","statementMap":{"0":{"start":{"line":1,"column":22},"end":{"line":1,"column":53}},"1":{"start":{"line":3,"column":0},"end":{"line":20,"column":2}},"2":{"start":{"line":4,"column":4},"end":{"line":19,"column":5}},"3":{"start":{"line":7,"column":8},"end":{"line":10,"column":9}},"4":{"start":{"line":8,"column":12},"end":{"line":8,"column":84}},"5":{"start":{"line":9,"column":12},"end":{"line":9,"column":26}},"6":{"start":{"line":14,"column":21},"end":{"line":14,"column":76}},"7":{"start":{"line":15,"column":8},"end":{"line":15,"column":29}},"8":{"start":{"line":17,"column":8},"end":{"line":17,"column":70}},"9":{"start":{"line":18,"column":8},"end":{"line":18,"column":22}}},"fnMap":{"0":{"name":"(anonymous_0)","decl":{"start":{"line":3,"column":26},"end":{"line":3,"column":27}},"loc":{"start":{"line":3,"column":64},"end":{"line":20,"column":1}},"line":3}},"branchMap":{"0":{"loc":{"start":{"line":7,"column":8},"end":{"line":10,"column":9}},"type":"if","locations":[{"start":{"line":7,"column":8},"end":{"line":10,"column":9}},{"start":{},"end":{}}],"line":7},"1":{"loc":{"start":{"line":7,"column":12},"end":{"line":7,"column":70}},"type":"binary-expr","locations":[{"start":{"line":7,"column":12},"end":{"line":7,"column":40}},{"start":{"line":7,"column":44},"end":{"line":7,"column":70}}],"line":7}},"s":{"0":2,"1":2,"2":1,"3":1,"4":0,"5":0,"6":1,"7":1,"8":0,"9":0},"f":{"0":1},"b":{"0":[0,1],"1":[1,1]},"_coverageSchema":"1a1c01bbd47fc00a2c39e90264f33305004495a9","hash":"af407bcce3506aa2299497e348dc9d594e0dbbba"}
}
